# JRE version: OpenJDK Runtime Environment (11.0.8+10) (build 11.0.8+10-b944.6842174)
# Java VM: OpenJDK 64-Bit Server VM (11.0.8+10-b944.6842174, mixed mode, tiered, compressed oops, g1 gc, windows-amd64)
Heap:
 garbage-first heap   total 315392K, used 144044K [0x0000000080000000, 0x0000000100000000)
  region size 1024K, 64 young (65536K), 14 survivors (14336K)
 Metaspace       used 102828K, capacity 105397K, committed 105624K, reserved 1140736K
  class space    used 13061K, capacity 13959K, committed 13976K, reserved 1048576K
GC Heap History (20 events):
Event: 7.009 GC heap before
{Heap before GC invocations=8 (full 0):
 garbage-first heap   total 262144K, used 75149K [0x0000000080000000, 0x0000000100000000)
  region size 1024K, 48 young (49152K), 20 survivors (20480K)
 Metaspace       used 58761K, capacity 60136K, committed 60236K, reserved 1101824K
  class space    used 7458K, capacity 7957K, committed 8012K, reserved 1048576K
}
Event: 7.038 GC heap after
{Heap after GC invocations=9 (full 0):
 garbage-first heap   total 262144K, used 51063K [0x0000000080000000, 0x0000000100000000)
  region size 1024K, 4 young (4096K), 4 survivors (4096K)
 Metaspace       used 58761K, capacity 60136K, committed 60236K, reserved 1101824K
  class space    used 7458K, capacity 7957K, committed 8012K, reserved 1048576K
}
Event: 8.493 GC heap before
{Heap before GC invocations=10 (full 0):
 garbage-first heap   total 262144K, used 143223K [0x0000000080000000, 0x0000000100000000)
  region size 1024K, 94 young (96256K), 4 survivors (4096K)
 Metaspace       used 66543K, capacity 68152K, committed 68376K, reserved 1107968K
  class space    used 8567K, capacity 9138K, committed 9240K, reserved 1048576K
}
Event: 8.509 GC heap after
{Heap after GC invocations=11 (full 0):
 garbage-first heap   total 262144K, used 56284K [0x0000000080000000, 0x0000000100000000)
  region size 1024K, 9 young (9216K), 9 survivors (9216K)
 Metaspace       used 66543K, capacity 68152K, committed 68376K, reserved 1107968K
  class space    used 8567K, capacity 9138K, committed 9240K, reserved 1048576K
}
Event: 10.183 GC heap before
{Heap before GC invocations=12 (full 0):
 garbage-first heap   total 262144K, used 154588K [0x0000000080000000, 0x0000000100000000)
  region size 1024K, 105 young (107520K), 9 survivors (9216K)
 Metaspace       used 74816K, capacity 76505K, committed 76696K, reserved 1116160K
  class space    used 9763K, capacity 10357K, committed 10392K, reserved 1048576K
}
Event: 10.198 GC heap after
{Heap after GC invocations=13 (full 0):
 garbage-first heap   total 262144K, used 62181K [0x0000000080000000, 0x0000000100000000)
  region size 1024K, 13 young (13312K), 13 survivors (13312K)
 Metaspace       used 74816K, capacity 76505K, committed 76696K, reserved 1116160K
  class space    used 9763K, capacity 10357K, committed 10392K, reserved 1048576K
}
Event: 12.295 GC heap before
{Heap before GC invocations=13 (full 0):
 garbage-first heap   total 262144K, used 164581K [0x0000000080000000, 0x0000000100000000)
  region size 1024K, 114 young (116736K), 13 survivors (13312K)
 Metaspace       used 78011K, capacity 79953K, committed 80024K, reserved 1118208K
  class space    used 10157K, capacity 10852K, committed 10904K, reserved 1048576K
}
Event: 12.323 GC heap after
{Heap after GC invocations=14 (full 0):
 garbage-first heap   total 262144K, used 71079K [0x0000000080000000, 0x0000000100000000)
  region size 1024K, 15 young (15360K), 15 survivors (15360K)
 Metaspace       used 78011K, capacity 79953K, committed 80024K, reserved 1118208K
  class space    used 10157K, capacity 10852K, committed 10904K, reserved 1048576K
}
Event: 13.817 GC heap before
{Heap before GC invocations=14 (full 0):
 garbage-first heap   total 262144K, used 173479K [0x0000000080000000, 0x0000000100000000)
  region size 1024K, 116 young (118784K), 15 survivors (15360K)
 Metaspace       used 80042K, capacity 81985K, committed 82328K, reserved 1120256K
  class space    used 10349K, capacity 11042K, committed 11160K, reserved 1048576K
}
Event: 13.845 GC heap after
{Heap after GC invocations=15 (full 0):
 garbage-first heap   total 262144K, used 82038K [0x0000000080000000, 0x0000000100000000)
  region size 1024K, 12 young (12288K), 12 survivors (12288K)
 Metaspace       used 80042K, capacity 81985K, committed 82328K, reserved 1120256K
  class space    used 10349K, capacity 11042K, committed 11160K, reserved 1048576K
}
Event: 16.274 GC heap before
{Heap before GC invocations=15 (full 0):
 garbage-first heap   total 262144K, used 195702K [0x0000000080000000, 0x0000000100000000)
  region size 1024K, 111 young (113664K), 12 survivors (12288K)
 Metaspace       used 84577K, capacity 86521K, committed 86680K, reserved 1124352K
  class space    used 10862K, capacity 11575K, committed 11672K, reserved 1048576K
}
Event: 16.287 GC heap after
{Heap after GC invocations=16 (full 0):
 garbage-first heap   total 315392K, used 77366K [0x0000000080000000, 0x0000000100000000)
  region size 1024K, 4 young (4096K), 4 survivors (4096K)
 Metaspace       used 84577K, capacity 86521K, committed 86680K, reserved 1124352K
  class space    used 10862K, capacity 11575K, committed 11672K, reserved 1048576K
}
Event: 18.994 GC heap before
{Heap before GC invocations=16 (full 0):
 garbage-first heap   total 315392K, used 215606K [0x0000000080000000, 0x0000000100000000)
  region size 1024K, 139 young (142336K), 4 survivors (4096K)
 Metaspace       used 89659K, capacity 91704K, committed 91928K, reserved 1128448K
  class space    used 11441K, capacity 12180K, committed 12312K, reserved 1048576K
}
Event: 19.008 GC heap after
{Heap after GC invocations=17 (full 0):
 garbage-first heap   total 315392K, used 82376K [0x0000000080000000, 0x0000000100000000)
  region size 1024K, 9 young (9216K), 9 survivors (9216K)
 Metaspace       used 89659K, capacity 91704K, committed 91928K, reserved 1128448K
  class space    used 11441K, capacity 12180K, committed 12312K, reserved 1048576K
}
Event: 20.030 GC heap before
{Heap before GC invocations=17 (full 0):
 garbage-first heap   total 315392K, used 222664K [0x0000000080000000, 0x0000000100000000)
  region size 1024K, 147 young (150528K), 9 survivors (9216K)
 Metaspace       used 90938K, capacity 93076K, committed 93336K, reserved 1130496K
  class space    used 11596K, capacity 12364K, committed 12440K, reserved 1048576K
}
Event: 20.050 GC heap after
{Heap after GC invocations=18 (full 0):
 garbage-first heap   total 315392K, used 89654K [0x0000000080000000, 0x0000000100000000)
  region size 1024K, 16 young (16384K), 16 survivors (16384K)
 Metaspace       used 90938K, capacity 93076K, committed 93336K, reserved 1130496K
  class space    used 11596K, capacity 12364K, committed 12440K, reserved 1048576K
}
Event: 22.092 GC heap before
{Heap before GC invocations=18 (full 0):
 garbage-first heap   total 315392K, used 230966K [0x0000000080000000, 0x0000000100000000)
  region size 1024K, 155 young (158720K), 16 survivors (16384K)
 Metaspace       used 92497K, capacity 94707K, committed 95000K, reserved 1132544K
  class space    used 11769K, capacity 12523K, committed 12568K, reserved 1048576K
}
Event: 22.109 GC heap after
{Heap after GC invocations=19 (full 0):
 garbage-first heap   total 315392K, used 89535K [0x0000000080000000, 0x0000000100000000)
  region size 1024K, 9 young (9216K), 9 survivors (9216K)
 Metaspace       used 92497K, capacity 94707K, committed 95000K, reserved 1132544K
  class space    used 11769K, capacity 12523K, committed 12568K, reserved 1048576K
}
Event: 50.928 GC heap before
{Heap before GC invocations=19 (full 0):
 garbage-first heap   total 315392K, used 235967K [0x0000000080000000, 0x0000000100000000)
  region size 1024K, 153 young (156672K), 9 survivors (9216K)
 Metaspace       used 99072K, capacity 101517K, committed 101784K, reserved 1138688K
  class space    used 12561K, capacity 13391K, committed 13464K, reserved 1048576K
}
Event: 50.938 GC heap after
{Heap after GC invocations=20 (full 0):
 garbage-first heap   total 315392K, used 94892K [0x0000000080000000, 0x0000000100000000)
  region size 1024K, 14 young (14336K), 14 survivors (14336K)
 Metaspace       used 99072K, capacity 101517K, committed 101784K, reserved 1138688K
  class space    used 12561K, capacity 13391K, committed 13464K, reserved 1048576K
}

