# JRE version: OpenJDK Runtime Environment (11.0.8+10) (build 11.0.8+10-b944.6842174)
# Java VM: OpenJDK 64-Bit Server VM (11.0.8+10-b944.6842174, mixed mode, tiered, compressed oops, g1 gc, windows-amd64)
Heap:
 garbage-first heap   total 322560K, used 208069K [0x0000000080000000, 0x0000000100000000)
  region size 1024K, 43 young (44032K), 2 survivors (2048K)
 Metaspace       used 183313K, capacity 188634K, committed 188792K, reserved 1214464K
  class space    used 22251K, capacity 24147K, committed 24268K, reserved 1048576K
GC Heap History (20 events):
Event: 876.203 GC heap before
{Heap before GC invocations=81 (full 0):
 garbage-first heap   total 322560K, used 185174K [0x0000000080000000, 0x0000000100000000)
  region size 1024K, 15 young (15360K), 4 survivors (4096K)
 Metaspace       used 182818K, capacity 188133K, committed 188280K, reserved 1214464K
  class space    used 22241K, capacity 24150K, committed 24268K, reserved 1048576K
}
Event: 876.220 GC heap after
{Heap after GC invocations=82 (full 0):
 garbage-first heap   total 322560K, used 166074K [0x0000000080000000, 0x0000000100000000)
  region size 1024K, 1 young (1024K), 1 survivors (1024K)
 Metaspace       used 182818K, capacity 188133K, committed 188280K, reserved 1214464K
  class space    used 22241K, capacity 24150K, committed 24268K, reserved 1048576K
}
Event: 902.222 GC heap before
{Heap before GC invocations=82 (full 0):
 garbage-first heap   total 322560K, used 259258K [0x0000000080000000, 0x0000000100000000)
  region size 1024K, 93 young (95232K), 1 survivors (1024K)
 Metaspace       used 182986K, capacity 188332K, committed 188536K, reserved 1214464K
  class space    used 22248K, capacity 24163K, committed 24268K, reserved 1048576K
}
Event: 902.239 GC heap after
{Heap after GC invocations=83 (full 0):
 garbage-first heap   total 322560K, used 172360K [0x0000000080000000, 0x0000000100000000)
  region size 1024K, 7 young (7168K), 7 survivors (7168K)
 Metaspace       used 182986K, capacity 188332K, committed 188536K, reserved 1214464K
  class space    used 22248K, capacity 24163K, committed 24268K, reserved 1048576K
}
Event: 902.939 GC heap before
{Heap before GC invocations=84 (full 0):
 garbage-first heap   total 322560K, used 262472K [0x0000000080000000, 0x0000000100000000)
  region size 1024K, 96 young (98304K), 7 survivors (7168K)
 Metaspace       used 182952K, capacity 188236K, committed 188536K, reserved 1214464K
  class space    used 22235K, capacity 24127K, committed 24268K, reserved 1048576K
}
Event: 902.951 GC heap after
{Heap after GC invocations=85 (full 0):
 garbage-first heap   total 322560K, used 182532K [0x0000000080000000, 0x0000000100000000)
  region size 1024K, 10 young (10240K), 10 survivors (10240K)
 Metaspace       used 182952K, capacity 188236K, committed 188536K, reserved 1214464K
  class space    used 22235K, capacity 24127K, committed 24268K, reserved 1048576K
}
Event: 902.968 GC heap before
{Heap before GC invocations=85 (full 0):
 garbage-first heap   total 322560K, used 186628K [0x0000000080000000, 0x0000000100000000)
  region size 1024K, 15 young (15360K), 10 survivors (10240K)
 Metaspace       used 182952K, capacity 188236K, committed 188536K, reserved 1214464K
  class space    used 22235K, capacity 24127K, committed 24268K, reserved 1048576K
}
Event: 902.982 GC heap after
{Heap after GC invocations=86 (full 0):
 garbage-first heap   total 322560K, used 182978K [0x0000000080000000, 0x0000000100000000)
  region size 1024K, 2 young (2048K), 2 survivors (2048K)
 Metaspace       used 182952K, capacity 188236K, committed 188536K, reserved 1214464K
  class space    used 22235K, capacity 24127K, committed 24268K, reserved 1048576K
}
Event: 903.121 GC heap before
{Heap before GC invocations=86 (full 0):
 garbage-first heap   total 322560K, used 206530K [0x0000000080000000, 0x0000000100000000)
  region size 1024K, 27 young (27648K), 2 survivors (2048K)
 Metaspace       used 182961K, capacity 188236K, committed 188536K, reserved 1214464K
  class space    used 22235K, capacity 24127K, committed 24268K, reserved 1048576K
}
Event: 903.128 GC heap after
{Heap after GC invocations=87 (full 0):
 garbage-first heap   total 322560K, used 186550K [0x0000000080000000, 0x0000000100000000)
  region size 1024K, 6 young (6144K), 6 survivors (6144K)
 Metaspace       used 182961K, capacity 188236K, committed 188536K, reserved 1214464K
  class space    used 22235K, capacity 24127K, committed 24268K, reserved 1048576K
}
Event: 904.087 GC heap before
{Heap before GC invocations=88 (full 0):
 garbage-first heap   total 322560K, used 258230K [0x0000000080000000, 0x0000000100000000)
  region size 1024K, 64 young (65536K), 6 survivors (6144K)
 Metaspace       used 183116K, capacity 188462K, committed 188792K, reserved 1214464K
  class space    used 22240K, capacity 24134K, committed 24268K, reserved 1048576K
}
Event: 904.096 GC heap after
{Heap after GC invocations=89 (full 0):
 garbage-first heap   total 322560K, used 189543K [0x0000000080000000, 0x0000000100000000)
  region size 1024K, 7 young (7168K), 7 survivors (7168K)
 Metaspace       used 183116K, capacity 188462K, committed 188792K, reserved 1214464K
  class space    used 22240K, capacity 24134K, committed 24268K, reserved 1048576K
}
Event: 904.154 GC heap before
{Heap before GC invocations=89 (full 0):
 garbage-first heap   total 322560K, used 196711K [0x0000000080000000, 0x0000000100000000)
  region size 1024K, 15 young (15360K), 7 survivors (7168K)
 Metaspace       used 183120K, capacity 188465K, committed 188792K, reserved 1214464K
  class space    used 22240K, capacity 24135K, committed 24268K, reserved 1048576K
}
Event: 904.167 GC heap after
{Heap after GC invocations=90 (full 0):
 garbage-first heap   total 322560K, used 178988K [0x0000000080000000, 0x0000000100000000)
  region size 1024K, 2 young (2048K), 2 survivors (2048K)
 Metaspace       used 183120K, capacity 188465K, committed 188792K, reserved 1214464K
  class space    used 22240K, capacity 24135K, committed 24268K, reserved 1048576K
}
Event: 905.710 GC heap before
{Heap before GC invocations=90 (full 0):
 garbage-first heap   total 322560K, used 246572K [0x0000000080000000, 0x0000000100000000)
  region size 1024K, 69 young (70656K), 2 survivors (2048K)
 Metaspace       used 183226K, capacity 188490K, committed 188792K, reserved 1214464K
  class space    used 22248K, capacity 24142K, committed 24268K, reserved 1048576K
}
Event: 905.721 GC heap after
{Heap after GC invocations=91 (full 0):
 garbage-first heap   total 322560K, used 179284K [0x0000000080000000, 0x0000000100000000)
  region size 1024K, 2 young (2048K), 2 survivors (2048K)
 Metaspace       used 183226K, capacity 188490K, committed 188792K, reserved 1214464K
  class space    used 22248K, capacity 24142K, committed 24268K, reserved 1048576K
}
Event: 906.479 GC heap before
{Heap before GC invocations=92 (full 0):
 garbage-first heap   total 322560K, used 247892K [0x0000000080000000, 0x0000000100000000)
  region size 1024K, 74 young (75776K), 2 survivors (2048K)
 Metaspace       used 183282K, capacity 188558K, committed 188792K, reserved 1214464K
  class space    used 22249K, capacity 24143K, committed 24268K, reserved 1048576K
}
Event: 906.488 GC heap after
{Heap after GC invocations=93 (full 0):
 garbage-first heap   total 322560K, used 177619K [0x0000000080000000, 0x0000000100000000)
  region size 1024K, 4 young (4096K), 4 survivors (4096K)
 Metaspace       used 183282K, capacity 188558K, committed 188792K, reserved 1214464K
  class space    used 22249K, capacity 24143K, committed 24268K, reserved 1048576K
}
Event: 906.563 GC heap before
{Heap before GC invocations=93 (full 0):
 garbage-first heap   total 322560K, used 187859K [0x0000000080000000, 0x0000000100000000)
  region size 1024K, 15 young (15360K), 4 survivors (4096K)
 Metaspace       used 183290K, capacity 188570K, committed 188792K, reserved 1214464K
  class space    used 22251K, capacity 24147K, committed 24268K, reserved 1048576K
}
Event: 906.581 GC heap after
{Heap after GC invocations=94 (full 0):
 garbage-first heap   total 322560K, used 167109K [0x0000000080000000, 0x0000000100000000)
  region size 1024K, 2 young (2048K), 2 survivors (2048K)
 Metaspace       used 183290K, capacity 188570K, committed 188792K, reserved 1214464K
  class space    used 22251K, capacity 24147K, committed 24268K, reserved 1048576K
}

